11:03:30 [s2_onestop_mineru] metadata.csv에 LGCNS 없음 — 파싱 불가
11:04:09 [s2_onestop_mineru] 파싱본 없음 → MinerU CLI 파싱 시작: /Users/baiohelseu/Desktop/Project/multimodality_RAG/pdf_pipeline/data/raw/LGCNS.pdf
11:05:39 [s2_onestop_mineru] MinerU 파싱 완료 (90.7s): /Users/baiohelseu/Desktop/Project/multimodality_RAG/pdf_pipeline/data/parsed/LGCNS
11:05:41 [s2_onestop_mineru] MinerU OCR 로드 완료 (lang=korean, 1.1s)
11:05:51 [s2_onestop_mineru] === 원스톱(MinerU 전담) 완료 ===
11:05:51 [s2_onestop_mineru] 총 19 | useful 5 | rule탈락 0 | OCR탈락 1 | table인계 13 | 스킵 0
11:05:51 [s2_onestop_mineru] [분류기] MinerU탐지 불일치 0건 → review_queue 후보
11:05:51 [s2_onestop_mineru] 전체 11.1s | 출력: /Users/baiohelseu/Desktop/Project/multimodality_RAG/pdf_pipeline/data/onestop/LGCNS
11:29:50 [s2_onestop_mineru] 파싱본 없음 → MinerU CLI 파싱 시작: /Users/baiohelseu/Desktop/Project/multimodality_RAG/pdf_pipeline/data/raw/Construct.pdf
11:30:24 [s2_onestop_mineru] MinerU 파싱 완료 (34.0s): /Users/baiohelseu/Desktop/Project/multimodality_RAG/pdf_pipeline/data/parsed/Construct
11:30:26 [s2_onestop_mineru] MinerU OCR 로드 완료 (lang=korean, 1.0s)
11:30:36 [s2_onestop_mineru] === 원스톱(MinerU 전담) 완료 ===
11:30:36 [s2_onestop_mineru] 총 32 | useful 16 | rule탈락 0 | OCR탈락 0 | table인계 16 | 스킵 0
11:30:36 [s2_onestop_mineru] [분류기] MinerU탐지 불일치 0건 → review_queue 후보
11:30:36 [s2_onestop_mineru] 전체 12.0s | 출력: /Users/baiohelseu/Desktop/Project/multimodality_RAG/pdf_pipeline/data/onestop/Construct
11:50:47 [s2_onestop_mineru] 파싱본 재사용: /Users/baiohelseu/Desktop/Project/multimodality_RAG/pdf_pipeline/data/parsed/LGCNS
11:50:48 [s2_onestop_mineru] MinerU OCR 로드 완료 (lang=korean, 1.2s)
11:50:54 [s2_onestop_mineru] === 원스톱(MinerU 전담) 완료 ===
11:50:54 [s2_onestop_mineru] 총 19 | useful 5 | rule탈락 0 | OCR탈락 1 | table인계 13 | 스킵 0
11:50:54 [s2_onestop_mineru] [분류기] MinerU탐지 불일치 0건 → review_queue 후보
11:50:54 [s2_onestop_mineru] 전체 7.4s | 출력: /Users/baiohelseu/Desktop/Project/multimodality_RAG/pdf_pipeline/data/onestop/LGCNS
11:51:13 [s2_onestop_mineru] 파싱본 재사용: /Users/baiohelseu/Desktop/Project/multimodality_RAG/pdf_pipeline/data/parsed/LGCNS
11:51:18 [s2_onestop_mineru] === 원스톱(MinerU 전담) 완료 ===
11:51:18 [s2_onestop_mineru] 총 19 | useful 5 | rule탈락 0 | OCR탈락 1 | table인계 13 | 스킵 0
11:51:18 [s2_onestop_mineru] [분류기] MinerU탐지 불일치 0건 → review_queue 후보
11:51:18 [s2_onestop_mineru] 전체 4.1s | 출력: /Users/baiohelseu/Desktop/Project/multimodality_RAG/pdf_pipeline/data/onestop/LGCNS
15:11:38 [s2_onestop_mineru] 파싱본 없음 → MinerU CLI 파싱 시작: /var/folders/7j/r02kf_pd1hx81z_lj3w839640000gn/T/upload_cbf2ed0c.pdf
15:12:10 [s2_onestop_mineru] MinerU 파싱 완료 (32.5s): /Users/baiohelseu/Desktop/Project/multimodality_RAG/pdf_pipeline/data/parsed/upload_cbf2ed0c
15:12:11 [s2_onestop_mineru] MinerU OCR 로드 완료 (lang=korean, 0.7s)
15:12:26 [s2_onestop_mineru] === 원스톱(MinerU 전담) 완료 ===
15:12:26 [s2_onestop_mineru] 총 33 | useful 22 | rule탈락 0 | OCR탈락 0 | table인계 11 | 스킵 0
15:12:26 [s2_onestop_mineru] [분류기] MinerU탐지 불일치 0건 → review_queue 후보
15:12:26 [s2_onestop_mineru] 전체 15.7s | 출력: /Users/baiohelseu/Desktop/Project/multimodality_RAG/pdf_pipeline/data/onestop/upload_cbf2ed0c
15:33:27 [s2_onestop_mineru] 파싱본 없음 → MinerU CLI 파싱 시작: /var/folders/7j/r02kf_pd1hx81z_lj3w839640000gn/T/upload_44b76ed9.pdf
15:33:49 [s2_onestop_mineru] MinerU 파싱 완료 (21.8s): /Users/baiohelseu/Desktop/Project/multimodality_RAG/pdf_pipeline/data/parsed/upload_44b76ed9
15:33:50 [s2_onestop_mineru] MinerU OCR 로드 완료 (lang=korean, 0.7s)
15:33:55 [s2_onestop_mineru] === 원스톱(MinerU 전담) 완료 ===
15:33:55 [s2_onestop_mineru] 총 24 | useful 12 | rule탈락 0 | OCR탈락 0 | table인계 12 | 스킵 0
15:33:55 [s2_onestop_mineru] [분류기] MinerU탐지 불일치 0건 → review_queue 후보
15:33:55 [s2_onestop_mineru] 전체 6.1s | 출력: /Users/baiohelseu/Desktop/Project/multimodality_RAG/pdf_pipeline/data/onestop/upload_44b76ed9
16:50:51 [s2_onestop_mineru] 파싱본 없음 → MinerU CLI 파싱 시작: /var/folders/7j/r02kf_pd1hx81z_lj3w839640000gn/T/upload_48fa5372.pdf
16:51:23 [s2_onestop_mineru] MinerU 파싱 완료 (31.9s): /Users/baiohelseu/Desktop/Project/multimodality_RAG/pdf_pipeline/data/parsed/upload_48fa5372
16:51:26 [s2_onestop_mineru] === 원스톱(MinerU 전담) 완료 ===
16:51:26 [s2_onestop_mineru] 총 24 | useful 12 | rule탈락 0 | OCR탈락 0 | table인계 12 | 스킵 0
16:51:26 [s2_onestop_mineru] [분류기] MinerU탐지 불일치 0건 → review_queue 후보
16:51:26 [s2_onestop_mineru] 전체 3.3s | 출력: /Users/baiohelseu/Desktop/Project/multimodality_RAG/pdf_pipeline/data/onestop/upload_48fa5372
16:57:27 [s2_onestop_mineru] 파싱본 없음 → MinerU CLI 파싱 시작: /var/folders/7j/r02kf_pd1hx81z_lj3w839640000gn/T/upload_434f5d13.pdf
16:58:10 [s2_onestop_mineru] MinerU 파싱 완료 (43.0s): /Users/baiohelseu/Desktop/Project/multimodality_RAG/pdf_pipeline/data/parsed/upload_434f5d13
16:58:11 [s2_onestop_mineru] MinerU VLM 최초 다운로드: opendatalab/MinerU2.5-Pro-2605-1.2B → /Users/baiohelseu/.cache/mineru_vlm/MinerU2.5-Pro-2605-1.2B
16:59:08 [s2_onestop_mineru] MinerU VLM 로드 완료 (57.3s)
17:02:30 [s2_onestop_mineru] === 원스톱(MinerU 전담) 완료 ===
17:02:30 [s2_onestop_mineru] 총 24 | useful 12 | rule탈락 0 | OCR탈락 0 | table인계 12 | 스킵 0
17:02:30 [s2_onestop_mineru] [분류기] MinerU탐지 불일치 0건 → review_queue 후보
17:02:30 [s2_onestop_mineru] [차트분석] 성공 12 / 실패 0
17:02:30 [s2_onestop_mineru] 전체 260.0s | 출력: /Users/baiohelseu/Desktop/Project/multimodality_RAG/pdf_pipeline/data/onestop/upload_434f5d13
17:19:06 [s2_onestop_mineru] 파싱본 없음 → MinerU CLI 파싱 시작: /var/folders/7j/r02kf_pd1hx81z_lj3w839640000gn/T/upload_abfe2f2b.pdf
17:19:46 [s2_onestop_mineru] MinerU 파싱 완료 (40.7s): /Users/baiohelseu/Desktop/Project/multimodality_RAG/pdf_pipeline/data/parsed/upload_abfe2f2b
17:21:44 [s2_onestop_mineru] === 원스톱(MinerU 전담) 완료 ===
17:21:44 [s2_onestop_mineru] 총 24 | useful 12 | rule탈락 0 | OCR탈락 0 | table인계 12 | 스킵 0
17:21:44 [s2_onestop_mineru] [분류기] MinerU탐지 불일치 0건 → review_queue 후보
17:21:44 [s2_onestop_mineru] [차트분석] 성공 12 / 실패 0
17:21:44 [s2_onestop_mineru] 전체 117.3s | 출력: /Users/baiohelseu/Desktop/Project/multimodality_RAG/pdf_pipeline/data/onestop/upload_abfe2f2b
